Build started 10/06/2015 02:05:18.
     1>Project "C:\Distance_Map_Project\Project_for_show\Assembly-Game\AssemblyDone\AssemblyDone.vcxproj" on node 2 (Rebuild target(s)).
     1>_MASM:
         Assembling frame_draw.asm...
         cmd.exe /C "C:\Users\Daniel\AppData\Local\Temp\tmp76126ff446ad40718c5f8ebf829f12c1.cmd"
         ml.exe /c /nologo /Zi /Fo"Release\frame_draw.obj" /W3 /errorReport:prompt  /Taframe_draw.asm
     1>frame_draw.asm(5105): warning A6001: no return from procedure
     1>frame_draw.asm(722): warning A6004: procedure argument or local not referenced : paramter
     1>frame_draw.asm(793): warning A6004: procedure argument or local not referenced : tempto
     1>frame_draw.asm(793): warning A6004: procedure argument or local not referenced : tempfrom
     1>frame_draw.asm(1222): warning A6004: procedure argument or local not referenced : hold
     1>frame_draw.asm(1222): warning A6004: procedure argument or local not referenced : hold2
     1>frame_draw.asm(1418): warning A6004: procedure argument or local not referenced : Highlighted
     1>frame_draw.asm(2101): warning A6004: procedure argument or local not referenced : radix
     1>frame_draw.asm(2656): warning A6004: procedure argument or local not referenced : brush
     1>frame_draw.asm(2656): warning A6004: procedure argument or local not referenced : hdcMem1
     1>frame_draw.asm(2656): warning A6004: procedure argument or local not referenced : hOld
     1>frame_draw.asm(2743): warning A6004: procedure argument or local not referenced : hdcMem
     1>frame_draw.asm(2856): warning A6004: procedure argument or local not referenced : brush
     1>frame_draw.asm(3251): warning A6004: procedure argument or local not referenced : brush
     1>frame_draw.asm(3375): warning A6004: procedure argument or local not referenced : brush
     1>frame_draw.asm(3375): warning A6004: procedure argument or local not referenced : hWnd
     1>frame_draw.asm(3375): warning A6004: procedure argument or local not referenced : testrc
     1>frame_draw.asm(5065): warning A6004: procedure argument or local not referenced : brushcolouring2
     1>frame_draw.asm(5065): warning A6004: procedure argument or local not referenced : hdcMem
     1>frame_draw.asm(5065): warning A6004: procedure argument or local not referenced : hbmOld
     1>frame_draw.asm(5065): warning A6004: procedure argument or local not referenced : bm
     1>frame_draw.asm(5065): warning A6004: procedure argument or local not referenced : rectforpic
     1>frame_draw.asm(5105): warning A6004: procedure argument or local not referenced : animcls
       ResourceCompile:
         C:\Program Files (x86)\Windows Kits\8.1\bin\x86\rc.exe /D _UNICODE /D UNICODE /l"0x0409" /nologo /fo"Release\resource.res" resource.rc 
       Link:
         F:\Visual Studio\VC\bin\link.exe /ERRORREPORT:PROMPT /OUT:"C:\Distance_Map_Project\Project_for_show\Assembly-Game\Release\AssemblyDone.exe" /INCREMENTAL:NO /NOLOGO /LTCG:STATUS kernel32.lib user32.lib gdi32.lib winspool.lib comdlg32.lib advapi32.lib shell32.lib ole32.lib oleaut32.lib uuid.lib odbc32.lib odbccp32.lib /MANIFEST /MANIFESTUAC:"level='asInvoker' uiAccess='false'" /manifest:embed /DEBUG /PDB:"C:\Distance_Map_Project\Project_for_show\Assembly-Game\Release\AssemblyDone.pdb" /SUBSYSTEM:CONSOLE /OPT:REF /OPT:ICF /TLBID:1 /DYNAMICBASE /NXCOMPAT /IMPLIB:"C:\Distance_Map_Project\Project_for_show\Assembly-Game\Release\AssemblyDone.lib" /MACHINE:X86 /SAFESEH:NO Release\resource.res
         Release\frame_draw.obj
         LINK : /LTCG specified but no code generation required; remove /LTCG from the link command line to improve linker performance
         AssemblyDone.vcxproj -> C:\Distance_Map_Project\Project_for_show\Assembly-Game\Release\AssemblyDone.exe
     1>Done Building Project "C:\Distance_Map_Project\Project_for_show\Assembly-Game\AssemblyDone\AssemblyDone.vcxproj" (Rebuild target(s)).

Build succeeded.

Time Elapsed 00:00:03.36
